<?xml version="1.0" encoding="utf-8"?><testsuites name="pytest tests"><testsuite name="pytest" errors="0" failures="0" skipped="0" tests="8" time="8.302" timestamp="2026-05-30T16:37:45.313722+00:00" hostname="agent-env-f246df2c-4e67-4f0f-9e6a-eca8cd940dca"><testcase classname="backend.tests.test_encryption_regression.TestAuthEncryption" name="test_login_response_is_plaintext" time="2.671" /><testcase classname="backend.tests.test_encryption_regression.TestAuthEncryption" name="test_login_invalid_credentials_401" time="0.575" /><testcase classname="backend.tests.test_encryption_regression.TestProtectedEncryption" name="test_get_company_is_encrypted_and_decryptable" time="1.232" /><testcase classname="backend.tests.test_encryption_regression.TestProtectedEncryption" name="test_get_bills_is_encrypted_and_decryptable" time="0.577" /><testcase classname="backend.tests.test_encryption_regression.TestProtectedEncryption" name="test_get_bills_401_without_token" time="0.152" /><testcase classname="backend.tests.test_encryption_regression.TestProtectedEncryption" name="test_put_company_is_encrypted_response" time="1.482" /><testcase classname="backend.tests.test_encryption_regression.TestBillNumbering" name="test_bills_collection_is_empty" time="0.617" /><testcase classname="backend.tests.test_encryption_regression.TestRbacRegression" name="test_assistant_cannot_put_company" time="0.911" /></testsuite></testsuites>