<?xml version="1.0" encoding="utf-8"?><testsuites name="pytest tests"><testsuite name="pytest" errors="0" failures="0" skipped="0" tests="13" time="10.557" timestamp="2026-05-30T09:35:24.512414+00:00" hostname="agent-env-f246df2c-4e67-4f0f-9e6a-eca8cd940dca"><testcase classname="backend.tests.test_security.TestUsersEndpoint" name="test_get_users_returns_200" time="2.607" /><testcase classname="backend.tests.test_security.TestUsersEndpoint" name="test_get_users_no_password_field_anywhere" time="0.290" /><testcase classname="backend.tests.test_security.TestUsersEndpoint" name="test_get_users_security_headers" time="0.287" /><testcase classname="backend.tests.test_security.TestAdminLogin" name="test_login_with_email" time="0.515" /><testcase classname="backend.tests.test_security.TestAdminLogin" name="test_login_response_has_no_password" time="0.000" /><testcase classname="backend.tests.test_security.TestAdminLogin" name="test_login_with_phone" time="0.516" /><testcase classname="backend.tests.test_security.TestAdminLogin" name="test_wrong_password_returns_401_generic" time="0.511" /><testcase classname="backend.tests.test_security.TestAssistantLogin" name="test_login_with_phone" time="0.514" /><testcase classname="backend.tests.test_security.TestAssistantLogin" name="test_login_with_email" time="0.510" /><testcase classname="backend.tests.test_security.TestBcryptMigration" name="test_admin_login_twice_still_works" time="1.020" /><testcase classname="backend.tests.test_security.TestBcryptMigration" name="test_stored_password_is_bcrypt_in_db" time="3.105" /><testcase classname="backend.tests.test_security.TestBearerToken" name="test_token_is_valid_jwt" time="0.000" /><testcase classname="backend.tests.test_security.TestBearerToken" name="test_unauthenticated_mutation_status" time="0.537" /></testsuite></testsuites>