<?xml version="1.0" encoding="utf-8"?><testsuites name="pytest tests"><testsuite name="pytest" errors="0" failures="0" skipped="0" tests="35" time="19.574" timestamp="2026-05-30T13:59:09.052150+00:00" hostname="agent-env-f246df2c-4e67-4f0f-9e6a-eca8cd940dca"><testcase classname="backend.tests.test_rbac_security.TestNoAuth401" name="test_get_without_token_returns_401[/users]" time="0.131" /><testcase classname="backend.tests.test_rbac_security.TestNoAuth401" name="test_get_without_token_returns_401[/customers]" time="0.104" /><testcase classname="backend.tests.test_rbac_security.TestNoAuth401" name="test_get_without_token_returns_401[/bills]" time="0.124" /><testcase classname="backend.tests.test_rbac_security.TestNoAuth401" name="test_get_without_token_returns_401[/services]" time="0.110" /><testcase classname="backend.tests.test_rbac_security.TestNoAuth401" name="test_get_without_token_returns_401[/company]" time="0.109" /><testcase classname="backend.tests.test_rbac_security.TestNoAuth401" name="test_get_without_token_returns_401[/notifications]" time="0.100" /><testcase classname="backend.tests.test_rbac_security.TestSuperiorAccess" name="test_get_with_superior_returns_200[/users]" time="1.071" /><testcase classname="backend.tests.test_rbac_security.TestSuperiorAccess" name="test_get_with_superior_returns_200[/customers]" time="0.741" /><testcase classname="backend.tests.test_rbac_security.TestSuperiorAccess" name="test_get_with_superior_returns_200[/bills]" time="0.506" /><testcase classname="backend.tests.test_rbac_security.TestSuperiorAccess" name="test_get_with_superior_returns_200[/services]" time="0.505" /><testcase classname="backend.tests.test_rbac_security.TestSuperiorAccess" name="test_get_with_superior_returns_200[/company]" time="0.506" /><testcase classname="backend.tests.test_rbac_security.TestSuperiorAccess" name="test_get_with_superior_returns_200[/notifications]" time="0.508" /><testcase classname="backend.tests.test_rbac_security.TestSuperiorAccess" name="test_no_sensitive_field_in_response[/users]" time="0.506" /><testcase classname="backend.tests.test_rbac_security.TestSuperiorAccess" name="test_no_sensitive_field_in_response[/customers]" time="0.515" /><testcase classname="backend.tests.test_rbac_security.TestSuperiorAccess" name="test_no_sensitive_field_in_response[/bills]" time="0.513" /><testcase classname="backend.tests.test_rbac_security.TestSuperiorAccess" name="test_no_sensitive_field_in_response[/services]" time="0.503" /><testcase classname="backend.tests.test_rbac_security.TestSuperiorAccess" name="test_no_sensitive_field_in_response[/company]" time="0.507" /><testcase classname="backend.tests.test_rbac_security.TestSuperiorAccess" name="test_no_sensitive_field_in_response[/notifications]" time="0.504" /><testcase classname="backend.tests.test_rbac_security.TestSuperiorAccess" name="test_users_endpoint_no_password_in_raw_text" time="0.504" /><testcase classname="backend.tests.test_rbac_security.TestAssistantForbidden" name="test_post_users_forbidden" time="0.905" /><testcase classname="backend.tests.test_rbac_security.TestAssistantForbidden" name="test_put_users_forbidden" time="0.278" /><testcase classname="backend.tests.test_rbac_security.TestAssistantForbidden" name="test_delete_users_forbidden" time="0.279" /><testcase classname="backend.tests.test_rbac_security.TestAssistantForbidden" name="test_patch_role_forbidden" time="0.335" /><testcase classname="backend.tests.test_rbac_security.TestAssistantForbidden" name="test_create_assistant_forbidden" time="0.277" /><testcase classname="backend.tests.test_rbac_security.TestAssistantForbidden" name="test_put_company_forbidden" time="0.278" /><testcase classname="backend.tests.test_rbac_security.TestAssistantForbidden" name="test_put_services_forbidden" time="0.276" /><testcase classname="backend.tests.test_rbac_security.TestAssistantReadAccess" name="test_get_with_assistant_returns_200[/customers]" time="0.505" /><testcase classname="backend.tests.test_rbac_security.TestAssistantReadAccess" name="test_get_with_assistant_returns_200[/bills]" time="0.505" /><testcase classname="backend.tests.test_rbac_security.TestAssistantReadAccess" name="test_get_with_assistant_returns_200[/services]" time="0.507" /><testcase classname="backend.tests.test_rbac_security.TestAssistantReadAccess" name="test_get_with_assistant_returns_200[/company]" time="0.506" /><testcase classname="backend.tests.test_rbac_security.TestAssistantReadAccess" name="test_get_with_assistant_returns_200[/users]" time="0.504" /><testcase classname="backend.tests.test_rbac_security.TestLoginResponse" name="test_simple_login_has_token_and_clean_user" time="0.000" /><testcase classname="backend.tests.test_rbac_security.TestMagicLink" name="test_magic_link_verify_invalid_token_no_leak" time="0.047" /><testcase classname="backend.tests.test_rbac_security.TestPasswordChange" name="test_wrong_current_password_rejected" time="0.732" /><testcase classname="backend.tests.test_rbac_security.TestPasswordChange" name="test_correct_current_password_accepted_and_bcrypt_stored" time="5.487" /></testsuite></testsuites>